\BOOKMARK [1][-]{section.1}{January 11, 2016}{}% 1
\BOOKMARK [2][-]{subsection.1.1}{Vector Notation}{section.1}% 2
\BOOKMARK [2][-]{subsection.1.2}{Vector Arithmetic}{section.1}% 3
\BOOKMARK [2][-]{subsection.1.3}{Geometric Interpretation of Vectors}{section.1}% 4
\BOOKMARK [1][-]{section.2}{January 13, 2016}{}% 5
\BOOKMARK [2][-]{subsection.2.1}{Interpretation of Vectors}{section.2}% 6
\BOOKMARK [2][-]{subsection.2.2}{Normal Vector}{section.2}% 7
\BOOKMARK [2][-]{subsection.2.3}{Properties of the Unit Vector}{section.2}% 8
\BOOKMARK [1][-]{section.3}{January 15, 2016}{}% 9
\BOOKMARK [2][-]{subsection.3.1}{Vector Operations}{section.3}% 10
\BOOKMARK [2][-]{subsection.3.2}{Vector Function}{section.3}% 11
\BOOKMARK [1][-]{section.4}{January 18, 2016}{}% 12
\BOOKMARK [2][-]{subsection.4.1}{Vector Function}{section.4}% 13
\BOOKMARK [2][-]{subsection.4.2}{Properties}{section.4}% 14
\BOOKMARK [2][-]{subsection.4.3}{Summary}{section.4}% 15
\BOOKMARK [1][-]{section.5}{January 20, 2016}{}% 16
\BOOKMARK [2][-]{subsection.5.1}{Solution to Vector Problems}{section.5}% 17
\BOOKMARK [1][-]{section.6}{January 22, 2016}{}% 18
\BOOKMARK [2][-]{subsection.6.1}{Additional Exercises}{section.6}% 19
\BOOKMARK [2][-]{subsection.6.2}{Special Parametric Curves in Two and Three Space}{section.6}% 20
\BOOKMARK [2][-]{subsection.6.3}{Standard Parametric Curves in R2}{section.6}% 21
\BOOKMARK [1][-]{section.7}{January 25, 2016}{}% 22
\BOOKMARK [2][-]{subsection.7.1}{Standard Parametric Curves in R2 Cont'd}{section.7}% 23
\BOOKMARK [2][-]{subsection.7.2}{Standard Parametric Curves in R3}{section.7}% 24
\BOOKMARK [1][-]{section.8}{January 27, 2016}{}% 25
\BOOKMARK [2][-]{subsection.8.1}{Additional Exercises}{section.8}% 26
\BOOKMARK [2][-]{subsection.8.2}{Motion Involving a Varying Mass}{section.8}% 27
\BOOKMARK [1][-]{section.9}{January 29, 2016}{}% 28
\BOOKMARK [2][-]{subsection.9.1}{Motion Involving Varying Mass Cont'd}{section.9}% 29
\BOOKMARK [2][-]{subsection.9.2}{Summary}{section.9}% 30
\BOOKMARK [1][-]{section.10}{February 1, 2016}{}% 31
\BOOKMARK [2][-]{subsection.10.1}{Derivative Rules for Vector Functions}{section.10}% 32
\BOOKMARK [1][-]{section.11}{February 3, 2016}{}% 33
\BOOKMARK [2][-]{subsection.11.1}{Alternative Formulas}{section.11}% 34
\BOOKMARK [2][-]{subsection.11.2}{Tangential and Normal Components of Acceleration}{section.11}% 35
\BOOKMARK [1][-]{section.12}{February 5, 2016}{}% 36
\BOOKMARK [2][-]{subsection.12.1}{ Summary}{section.12}% 37
\BOOKMARK [1][-]{section.13}{February 8, 2016}{}% 38
\BOOKMARK [2][-]{subsection.13.1}{Functions of Two and Three Variables}{section.13}% 39
\BOOKMARK [2][-]{subsection.13.2}{Summary of Standard Plane Curves}{section.13}% 40
\BOOKMARK [1][-]{section.14}{February 10, 2016}{}% 41
\BOOKMARK [2][-]{subsection.14.1}{Summary of Standard Plane Curves Examples}{section.14}% 42
\BOOKMARK [1][-]{section.15}{February 12, 2016}{}% 43
\BOOKMARK [2][-]{subsection.15.1}{Continued Examples}{section.15}% 44
\BOOKMARK [2][-]{subsection.15.2}{Quadric Surfaces}{section.15}% 45
\BOOKMARK [1][-]{section.16}{February 22, 2016}{}% 46
\BOOKMARK [2][-]{subsection.16.1}{Quadric Surfaces Cont'd}{section.16}% 47
\BOOKMARK [2][-]{subsection.16.2}{Two Special Surfaces}{section.16}% 48
\BOOKMARK [1][-]{section.17}{February 24, 2016}{}% 49
\BOOKMARK [2][-]{subsection.17.1}{Partial Derivatives of a Function of Several Variables}{section.17}% 50
\BOOKMARK [2][-]{subsection.17.2}{Other Notations for Partial Derivatives}{section.17}% 51
\BOOKMARK [1][-]{section.18}{February 26, 2016}{}% 52
\BOOKMARK [2][-]{subsection.18.1}{Partial Derivatives Cont'd}{section.18}% 53
\BOOKMARK [2][-]{subsection.18.2}{Higher Order Partial Derivatives}{section.18}% 54
\BOOKMARK [2][-]{subsection.18.3}{Other Notations for Second Order Partials}{section.18}% 55
\BOOKMARK [1][-]{section.19}{February 29, 2016}{}% 56
\BOOKMARK [2][-]{subsection.19.1}{Chain Rule}{section.19}% 57
\BOOKMARK [2][-]{subsection.19.2}{Other Versions of Chain Rule}{section.19}% 58
\BOOKMARK [2][-]{subsection.19.3}{Tree Diagram}{section.19}% 59
\BOOKMARK [1][-]{section.20}{March 2, 2016}{}% 60
\BOOKMARK [2][-]{subsection.20.1}{Tree Diagram Examples}{section.20}% 61
\BOOKMARK [1][-]{section.21}{March 4, 2016}{}% 62
\BOOKMARK [2][-]{subsection.21.1}{Gradient}{section.21}% 63
\BOOKMARK [2][-]{subsection.21.2}{Equation of a Plane}{section.21}% 64
\BOOKMARK [2][-]{subsection.21.3}{Linearization of a Function of Two or Three Variables}{section.21}% 65
\BOOKMARK [1][-]{section.22}{March 7, 2016}{}% 66
\BOOKMARK [2][-]{subsection.22.1}{Linearization Examples}{section.22}% 67
\BOOKMARK [2][-]{subsection.22.2}{Differentials and Increments}{section.22}% 68
\BOOKMARK [1][-]{section.23}{March 9, 2016}{}% 69
\BOOKMARK [2][-]{subsection.23.1}{Example Cont'd}{section.23}% 70
\BOOKMARK [2][-]{subsection.23.2}{Directional Derivatives}{section.23}% 71
\BOOKMARK [2][-]{subsection.23.3}{Maximum and Minimum Values of the Directional Derivative}{section.23}% 72
\BOOKMARK [1][-]{section.24}{March 11, 2016}{}% 73
\BOOKMARK [2][-]{subsection.24.1}{Examples Cont'd}{section.24}% 74
\BOOKMARK [2][-]{subsection.24.2}{Jacobian Determinant}{section.24}% 75
\BOOKMARK [1][-]{section.25}{March 14, 2016}{}% 76
\BOOKMARK [2][-]{subsection.25.1}{Implicit Differentiation Notation}{section.25}% 77
\BOOKMARK [2][-]{subsection.25.2}{Implicit Differentiation Formula}{section.25}% 78
\BOOKMARK [2][-]{subsection.25.3}{Implicit Formula for a System of Two Equations}{section.25}% 79
\BOOKMARK [1][-]{section.26}{March 16, 2016}{}% 80
\BOOKMARK [2][-]{subsection.26.1}{Implicit Differentiation Examples}{section.26}% 81
\BOOKMARK [2][-]{subsection.26.2}{Double and Triple integrals}{section.26}% 82
\BOOKMARK [1][-]{section.27}{March 18, 2016}{}% 83
\BOOKMARK [2][-]{subsection.27.1}{Types of Regions in a Plane}{section.27}% 84
\BOOKMARK [2][-]{subsection.27.2}{Types of Regions in R3}{section.27}% 85
\BOOKMARK [1][-]{section.28}{March 21, 2016}{}% 86
\BOOKMARK [2][-]{subsection.28.1}{Definite Partial Integrasl}{section.28}% 87
\BOOKMARK [2][-]{subsection.28.2}{Setting Up Limits for a Double Integral}{section.28}% 88
\BOOKMARK [2][-]{subsection.28.3}{Setting Up Limits for a Triple Integral}{section.28}% 89
\BOOKMARK [2][-]{subsection.28.4}{Geometric Interpretation of a Double Integral}{section.28}% 90
\BOOKMARK [1][-]{section.29}{March 23, 2016}{}% 91
\BOOKMARK [2][-]{subsection.29.1}{Geometric Interpretation of a Triple Integral}{section.29}% 92
\BOOKMARK [1][-]{section.30}{March 28, 2016}{}% 93
\BOOKMARK [2][-]{subsection.30.1}{Examples Cont'd}{section.30}% 94
\BOOKMARK [1][-]{section.31}{March 30, 2016}{}% 95
\BOOKMARK [2][-]{subsection.31.1}{Polar, Cylindrical and Spherical Coordinates}{section.31}% 96
\BOOKMARK [2][-]{subsection.31.2}{Element of Area in Polar Coordinates}{section.31}% 97
\BOOKMARK [2][-]{subsection.31.3}{Summary of Polar Coordinates}{section.31}% 98
\BOOKMARK [2][-]{subsection.31.4}{Double Integrals in Polar Coordinates}{section.31}% 99
\BOOKMARK [2][-]{subsection.31.5}{Cylindrical Coordinates}{section.31}% 100
\BOOKMARK [2][-]{subsection.31.6}{Summary of Cylindrical Coordinates}{section.31}% 101
\BOOKMARK [2][-]{subsection.31.7}{Computing a Triple Integral in Cylindrical Coordinates}{section.31}% 102
\BOOKMARK [1][-]{section.32}{April 1, 2016}{}% 103
\BOOKMARK [2][-]{subsection.32.1}{Spherical Coordinates}{section.32}% 104
\BOOKMARK [2][-]{subsection.32.2}{Other Useful Relations}{section.32}% 105
\BOOKMARK [2][-]{subsection.32.3}{Ranges for , , }{section.32}% 106
\BOOKMARK [2][-]{subsection.32.4}{Summary of Spherical Coordinates}{section.32}% 107
\BOOKMARK [2][-]{subsection.32.5}{Two Special Equations in Spherical Coordinates}{section.32}% 108
\BOOKMARK [2][-]{subsection.32.6}{Element of Volume in Spherical Coordinates}{section.32}% 109
\BOOKMARK [1][-]{section.33}{April 4, 2016}{}% 110
\BOOKMARK [2][-]{subsection.33.1}{Examples Cont'd}{section.33}% 111
\BOOKMARK [1][-]{section.34}{April 6, 2016}{}% 112
\BOOKMARK [2][-]{subsection.34.1}{Applications of Double and Triple Integrals}{section.34}% 113
\BOOKMARK [1][-]{section.35}{April 8, 2016}{}% 114
\BOOKMARK [2][-]{subsection.35.1}{Application Examples}{section.35}% 115
\BOOKMARK [1][-]{section.36}{April 11, 2016}{}% 116
\BOOKMARK [2][-]{subsection.36.1}{Examples Cont'd}{section.36}% 117
\BOOKMARK [2][-]{subsection.36.2}{Critical Points of Functions of Two Independent Variables}{section.36}% 118
\BOOKMARK [1][-]{section.37}{April 13, 2016}{}% 119
\BOOKMARK [2][-]{subsection.37.1}{Classifying Critical Points}{section.37}% 120
\BOOKMARK [2][-]{subsection.37.2}{Second Derivative Test}{section.37}% 121
\BOOKMARK [2][-]{subsection.37.3}{Extreme Values of a Function of Two Independent Variables Over a Closed Region}{section.37}% 122
\BOOKMARK [1][-]{section.38}{Paragraph}{}% 123
\BOOKMARK [1][-]{section.39}{Math}{}% 124
\BOOKMARK [2][-]{subsection.39.1}{Using alignment}{section.39}% 125
\BOOKMARK [1][-]{section.40}{Shortcuts}{}% 126
\BOOKMARK [1][-]{section.41}{Theorems and Proofs}{}% 127
\BOOKMARK [1][-]{section.42}{Referencing}{}% 128
\BOOKMARK [1][-]{section.43}{Numbered and Bulleted Lists}{}% 129
